Release 14.4 Map P.49d (nt64)
Xilinx Mapping Report File for Design 'master'

Design Information
------------------
Command Line   : map -intstyle ise -p xc3s1600e-fg320-5 -cm area -ir off -pr off
-c 100 -o master_map.ncd master.ngd master.pcf 
Target Device  : xc3s1600e
Target Package : fg320
Target Speed   : -5
Mapper Version : spartan3e -- $Revision: 1.55 $
Mapped Date    : Mon Jun 08 15:09:10 2015

Design Summary
--------------
Number of errors:      0
Number of warnings:    0
Logic Utilization:
  Number of Slice Flip Flops:           218 out of  29,504    1%
  Number of 4 input LUTs:               245 out of  29,504    1%
Logic Distribution:
  Number of occupied Slices:            172 out of  14,752    1%
    Number of Slices containing only related logic:     172 out of     172 100%
    Number of Slices containing unrelated logic:          0 out of     172   0%
      *See NOTES below for an explanation of the effects of unrelated logic.
  Total Number of 4 input LUTs:         248 out of  29,504    1%
    Number used as logic:               245
    Number used as a route-thru:          3

  The Slice Logic Distribution report is not meaningful if the design is
  over-mapped for a non-slice resource or if Placement fails.

  Number of bonded IOBs:                 79 out of     250   31%
  Number of ODDR2s used:                 40
    Number of DDR_ALIGNMENT = NONE       40
    Number of DDR_ALIGNMENT = C0          0
    Number of DDR_ALIGNMENT = C1          0
  Number of BUFGMUXs:                     4 out of      24   16%
  Number of DCMs:                         2 out of       8   25%

Average Fanout of Non-Clock Nets:                3.52

Peak Memory Usage:  294 MB
Total REAL time to MAP completion:  2 secs 
Total CPU time to MAP completion:   1 secs 

NOTES:

   Related logic is defined as being logic that shares connectivity - e.g. two
   LUTs are "related" if they share common inputs.  When assembling slices,
   Map gives priority to combine logic that is related.  Doing so results in
   the best timing performance.

   Unrelated logic shares no connectivity.  Map will only begin packing
   unrelated logic into a slice once 99% of the slices are occupied through
   related logic packing.

   Note that once logic distribution reaches the 99% level through related
   logic packing, this does not mean the device is completely utilized.
   Unrelated logic packing will then begin, continuing until all usable LUTs
   and FFs are occupied.  Depending on your timing budget, increased levels of
   unrelated logic packing may adversely affect the overall timing performance
   of your design.

Table of Contents
-----------------
Section 1 - Errors
Section 2 - Warnings
Section 3 - Informational
Section 4 - Removed Logic Summary
Section 5 - Removed Logic
Section 6 - IOB Properties
Section 7 - RPMs
Section 8 - Guide Report
Section 9 - Area Group and Partition Summary
Section 10 - Timing Report
Section 11 - Configuration String Information
Section 12 - Control Set Information
Section 13 - Utilization by Hierarchy

Section 1 - Errors
------------------

Section 2 - Warnings
--------------------
WARNING:Security:43 - No license file was found in the standard Xilinx license
directory.
WARNING:Security:44 - Since no license file was found,
WARNING:Security:42 - Your software subscription period has lapsed. Your current
version of Xilinx tools will continue to function, but you no longer qualify for
Xilinx software updates or new releases.

Section 3 - Informational
-------------------------
INFO:Security:50 - The XILINXD_LICENSE_FILE environment variable is set to
'29000@xilinx.cnfm.fr'.
INFO:Security:53 - The LM_LICENSE_FILE environment variable is not set.
INFO:Security:54 - 'xc3s1600e' is a WebPack part.
INFO:LIT:243 - Logical network analog_msb has no load.
INFO:MapLib:562 - No environment variables are currently set.
INFO:LIT:244 - All of the single ended outputs in this design are using slew
   rate limited output drivers. The delay on speed critical single ended outputs
   can be dramatically reduced by designating them as fast outputs.

Section 4 - Removed Logic Summary
---------------------------------
   2 block(s) optimized away

Section 5 - Removed Logic
-------------------------

Optimized Block(s):
TYPE 		BLOCK
GND 		XST_GND
VCC 		XST_VCC

To enable printing of redundant blocks removed and signals merged, set the
detailed map report option and rerun map.

Section 6 - IOB Properties
--------------------------

+---------------------------------------------------------------------------------------------------------------------------------------------------------+
| IOB Name                           | Type             | Direction | IO Standard          | Diff  | Drive    | Slew | Reg (s)      | Resistor | IOB      |
|                                    |                  |           |                      | Term  | Strength | Rate |              |          | Delay    |
+---------------------------------------------------------------------------------------------------------------------------------------------------------+
| analog_address<0>                  | IOB              | OUTPUT    | LVCMOS25             |       | 12       | SLOW |              |          | 0 / 0    |
| analog_address<1>                  | IOB              | OUTPUT    | LVCMOS25             |       | 12       | SLOW |              |          | 0 / 0    |
| analog_chip_select                 | IOB              | OUTPUT    | LVCMOS25             |       | 12       | SLOW |              |          | 0 / 0    |
| analog_data<0>                     | IOB              | OUTPUT    | LVCMOS25             |       | 12       | SLOW |              |          | 0 / 0    |
| analog_data<1>                     | IOB              | OUTPUT    | LVCMOS25             |       | 12       | SLOW |              |          | 0 / 0    |
| analog_data<2>                     | IOB              | OUTPUT    | LVCMOS25             |       | 12       | SLOW |              |          | 0 / 0    |
| analog_data<3>                     | IOB              | OUTPUT    | LVCMOS25             |       | 12       | SLOW |              |          | 0 / 0    |
| analog_data<4>                     | IOB              | OUTPUT    | LVCMOS25             |       | 12       | SLOW |              |          | 0 / 0    |
| analog_data<5>                     | IOB              | OUTPUT    | LVCMOS25             |       | 12       | SLOW |              |          | 0 / 0    |
| analog_data<6>                     | IOB              | OUTPUT    | LVCMOS25             |       | 12       | SLOW |              |          | 0 / 0    |
| analog_data<7>                     | IOB              | OUTPUT    | LVCMOS25             |       | 12       | SLOW |              |          | 0 / 0    |
| analog_data<8>                     | IOB              | OUTPUT    | LVCMOS25             |       | 12       | SLOW |              |          | 0 / 0    |
| analog_data<9>                     | IOB              | OUTPUT    | LVCMOS25             |       | 12       | SLOW |              |          | 0 / 0    |
| analog_data<10>                    | IOB              | OUTPUT    | LVCMOS25             |       | 12       | SLOW |              |          | 0 / 0    |
| analog_data<11>                    | IOB              | OUTPUT    | LVCMOS25             |       | 12       | SLOW |              |          | 0 / 0    |
| analog_ldac                        | IOB              | OUTPUT    | LVCMOS25             |       | 12       | SLOW |              |          | 0 / 0    |
| analog_read_write                  | IOB              | OUTPUT    | LVCMOS25             |       | 12       | SLOW |              |          | 0 / 0    |
| analog_reset_strobe                | IOB              | OUTPUT    | LVCMOS25             |       | 12       | SLOW |              |          | 0 / 0    |
| clk                                | IBUF             | INPUT     | LVCMOS25             |       |          |      |              |          | 0 / 0    |
| clke                               | IBUF             | INPUT     | LVCMOS25             |       |          |      |              |          | 0 / 0    |
| debug_reg<0>                       | IOB              | OUTPUT    | LVCMOS25             |       | 12       | SLOW |              |          | 0 / 0    |
| debug_reg<1>                       | IOB              | OUTPUT    | LVCMOS25             |       | 12       | SLOW |              |          | 0 / 0    |
| debug_reg<2>                       | IOB              | OUTPUT    | LVCMOS25             |       | 12       | SLOW |              |          | 0 / 0    |
| debug_reg<3>                       | IOB              | OUTPUT    | LVCMOS25             |       | 12       | SLOW |              |          | 0 / 0    |
| debug_reg<4>                       | IOB              | OUTPUT    | LVCMOS25             |       | 12       | SLOW |              |          | 0 / 0    |
| debug_reg<5>                       | IOB              | OUTPUT    | LVCMOS25             |       | 12       | SLOW |              |          | 0 / 0    |
| debug_reg<6>                       | IOB              | OUTPUT    | LVCMOS25             |       | 12       | SLOW |              |          | 0 / 0    |
| debug_reg<7>                       | IOB              | OUTPUT    | LVCMOS25             |       | 12       | SLOW |              |          | 0 / 0    |
| dram_addr<0>                       | IOB              | OUTPUT    | LVCMOS25             |       | 12       | SLOW | ODDR2        |          | 0 / 0    |
| dram_addr<1>                       | IOB              | OUTPUT    | LVCMOS25             |       | 12       | SLOW | ODDR2        |          | 0 / 0    |
| dram_addr<2>                       | IOB              | OUTPUT    | LVCMOS25             |       | 12       | SLOW | ODDR2        |          | 0 / 0    |
| dram_addr<3>                       | IOB              | OUTPUT    | LVCMOS25             |       | 12       | SLOW | ODDR2        |          | 0 / 0    |
| dram_addr<4>                       | IOB              | OUTPUT    | LVCMOS25             |       | 12       | SLOW | ODDR2        |          | 0 / 0    |
| dram_addr<5>                       | IOB              | OUTPUT    | LVCMOS25             |       | 12       | SLOW | ODDR2        |          | 0 / 0    |
| dram_addr<6>                       | IOB              | OUTPUT    | LVCMOS25             |       | 12       | SLOW | ODDR2        |          | 0 / 0    |
| dram_addr<7>                       | IOB              | OUTPUT    | LVCMOS25             |       | 12       | SLOW | ODDR2        |          | 0 / 0    |
| dram_addr<8>                       | IOB              | OUTPUT    | LVCMOS25             |       | 12       | SLOW | ODDR2        |          | 0 / 0    |
| dram_addr<9>                       | IOB              | OUTPUT    | LVCMOS25             |       | 12       | SLOW | ODDR2        |          | 0 / 0    |
| dram_addr<10>                      | IOB              | OUTPUT    | LVCMOS25             |       | 12       | SLOW | ODDR2        |          | 0 / 0    |
| dram_addr<11>                      | IOB              | OUTPUT    | LVCMOS25             |       | 12       | SLOW | ODDR2        |          | 0 / 0    |
| dram_addr<12>                      | IOB              | OUTPUT    | LVCMOS25             |       | 12       | SLOW | ODDR2        |          | 0 / 0    |
| dram_bank<0>                       | IOB              | OUTPUT    | LVCMOS25             |       | 12       | SLOW | ODDR2        |          | 0 / 0    |
| dram_bank<1>                       | IOB              | OUTPUT    | LVCMOS25             |       | 12       | SLOW | ODDR2        |          | 0 / 0    |
| dram_clke                          | IOB              | OUTPUT    | LVCMOS25             |       | 12       | SLOW |              |          | 0 / 0    |
| dram_clkn                          | IOB              | OUTPUT    | LVCMOS25             |       | 12       | SLOW | ODDR2        |          | 0 / 0    |
| dram_clkp                          | IOB              | OUTPUT    | LVCMOS25             |       | 12       | SLOW | ODDR2        |          | 0 / 0    |
| dram_cmd<0>                        | IOB              | OUTPUT    | LVCMOS25             |       | 12       | SLOW | ODDR2        |          | 0 / 0    |
| dram_cmd<1>                        | IOB              | OUTPUT    | LVCMOS25             |       | 12       | SLOW | ODDR2        |          | 0 / 0    |
| dram_cmd<2>                        | IOB              | OUTPUT    | LVCMOS25             |       | 12       | SLOW | ODDR2        |          | 0 / 0    |
| dram_cs                            | IOB              | OUTPUT    | LVCMOS25             |       | 12       | SLOW |              |          | 0 / 0    |
| dram_dm<0>                         | IOB              | OUTPUT    | LVCMOS25             |       | 12       | SLOW | ODDR2        |          | 0 / 0    |
| dram_dm<1>                         | IOB              | OUTPUT    | LVCMOS25             |       | 12       | SLOW | ODDR2        |          | 0 / 0    |
| dram_dq<0>                         | IOB              | OUTPUT    | LVCMOS25             |       | 12       | SLOW | ODDR2        |          | 0 / 0    |
| dram_dq<1>                         | IOB              | OUTPUT    | LVCMOS25             |       | 12       | SLOW | ODDR2        |          | 0 / 0    |
| dram_dq<2>                         | IOB              | OUTPUT    | LVCMOS25             |       | 12       | SLOW | ODDR2        |          | 0 / 0    |
| dram_dq<3>                         | IOB              | OUTPUT    | LVCMOS25             |       | 12       | SLOW | ODDR2        |          | 0 / 0    |
| dram_dq<4>                         | IOB              | OUTPUT    | LVCMOS25             |       | 12       | SLOW | ODDR2        |          | 0 / 0    |
| dram_dq<5>                         | IOB              | OUTPUT    | LVCMOS25             |       | 12       | SLOW | ODDR2        |          | 0 / 0    |
| dram_dq<6>                         | IOB              | OUTPUT    | LVCMOS25             |       | 12       | SLOW | ODDR2        |          | 0 / 0    |
| dram_dq<7>                         | IOB              | OUTPUT    | LVCMOS25             |       | 12       | SLOW | ODDR2        |          | 0 / 0    |
| dram_dq<8>                         | IOB              | BIDIR     | LVCMOS25             |       | 12       | SLOW | ODDR2        |          | 0 / 0    |
| dram_dq<9>                         | IOB              | BIDIR     | LVCMOS25             |       | 12       | SLOW | ODDR2        |          | 0 / 0    |
| dram_dq<10>                        | IOB              | BIDIR     | LVCMOS25             |       | 12       | SLOW | ODDR2        |          | 0 / 0    |
| dram_dq<11>                        | IOB              | BIDIR     | LVCMOS25             |       | 12       | SLOW | ODDR2        |          | 0 / 0    |
| dram_dq<12>                        | IOB              | BIDIR     | LVCMOS25             |       | 12       | SLOW | ODDR2        |          | 0 / 0    |
| dram_dq<13>                        | IOB              | BIDIR     | LVCMOS25             |       | 12       | SLOW | ODDR2        |          | 0 / 0    |
| dram_dq<14>                        | IOB              | BIDIR     | LVCMOS25             |       | 12       | SLOW | ODDR2        |          | 0 / 0    |
| dram_dq<15>                        | IOB              | BIDIR     | LVCMOS25             |       | 12       | SLOW | ODDR2        |          | 0 / 0    |
| dram_dqs<0>                        | IOB              | OUTPUT    | LVCMOS25             |       | 12       | SLOW | ODDR2        |          | 0 / 0    |
| dram_dqs<1>                        | IOB              | OUTPUT    | LVCMOS25             |       | 12       | SLOW | ODDR2        |          | 0 / 0    |
| led<0>                             | IOB              | OUTPUT    | LVCMOS25             |       | 12       | SLOW |              |          | 0 / 0    |
| led<1>                             | IOB              | OUTPUT    | LVCMOS25             |       | 12       | SLOW |              |          | 0 / 0    |
| led<2>                             | IOB              | OUTPUT    | LVCMOS25             |       | 12       | SLOW |              |          | 0 / 0    |
| led<3>                             | IOB              | OUTPUT    | LVCMOS25             |       | 12       | SLOW |              |          | 0 / 0    |
| led<4>                             | IOB              | OUTPUT    | LVCMOS25             |       | 12       | SLOW |              |          | 0 / 0    |
| led<5>                             | IOB              | OUTPUT    | LVCMOS25             |       | 12       | SLOW |              |          | 0 / 0    |
| led<6>                             | IOB              | OUTPUT    | LVCMOS25             |       | 12       | SLOW |              |          | 0 / 0    |
| led<7>                             | IOB              | OUTPUT    | LVCMOS25             |       | 12       | SLOW |              |          | 0 / 0    |
| rst                                | IBUF             | INPUT     | LVCMOS25             |       |          |      |              |          | 0 / 0    |
+---------------------------------------------------------------------------------------------------------------------------------------------------------+

Section 7 - RPMs
----------------

Section 8 - Guide Report
------------------------
Guide not run on this design.

Section 9 - Area Group and Partition Summary
--------------------------------------------

Partition Implementation Status
-------------------------------

  No Partitions were found in this design.

-------------------------------

Area Group Information
----------------------

  No area groups were found in this design.

----------------------

Section 10 - Timing Report
--------------------------
This design was not run using timing mode.

Section 11 - Configuration String Details
-----------------------------------------
Use the "-detail" map option to print out Configuration Strings

Section 12 - Control Set Information
------------------------------------
No control set information for this architecture.

Section 13 - Utilization by Hierarchy
-------------------------------------
Use the "-detail" map option to print out the Utilization by Hierarchy section.
